<?xml version="1.0" encoding="UTF-8"?>
<testsuites name="Login" time="17.833" tests="2" failures="0" errors="0">
   <testsuite name="Login" tests="2" failures="0" errors="0" time="17.833" skipped="0" timestamp="10-07-2024T09:41:43" hostname="User - 10.6.2.7" id="Test Suites/Login">
      <properties>
         <property name="deviceName" value=""/>
         <property name="devicePlatform"/>
         <property name="logFolder" value="C:\\Users\\User\\git\\belajarkatalon\\Reports\\20240710_094139\\Login\\20240710_094140"/>
         <property name="logFiles" value="C:\\Users\\User\\git\\belajarkatalon\\Reports\\20240710_094139\\Login\\20240710_094140\\execution0.log"/>
         <property name="attachments" value=""/>
         <property name="hostName" value="User - 10.6.2.7"/>
         <property name="os" value="Windows 10 64bit"/>
         <property name="katalonVersion" value="9.5.0.217"/>
         <property name="browser" value="Chrome 126.0.0.0"/>
         <property name="hostAddress" value="10.6.2.7"/>
         <property name="sessionId" value="9b51893cecbf97bfd901b3e2b49a8599"/>
         <property name="seleniumVersion" value="3.141.59"/>
         <property name="proxyInformation" value="ProxyInformation { proxyOption=NO_PROXY, proxyServerType=HTTP, username=, password=********, proxyServerAddress=, proxyServerPort=0, executionList=&quot;&quot;, isApplyToDesiredCapabilities=true }"/>
         <property name="platform" value="Windows 10"/>
      </properties>
      <testcase name="Test Cases/Login/LoginGagal" time="7.839" classname="Test Cases/Login/LoginGagal" status="PASSED">
         <system-out><![CDATA[10-07-2024T09:41:43 - [TEST_CASE][PASSED] - Test Cases/Login/LoginGagal: Test Cases/Login/LoginGagal

10-07-2024T09:41:43 - [TEST_STEP][PASSED] - openBrowser(""): Browser is opened with url: ''

10-07-2024T09:41:43 - [MESSAGE][INFO] - Starting 'Chrome' driver

10-07-2024T09:41:43 - [MESSAGE][INFO] - Action delay is set to 0 milliseconds

10-07-2024T09:41:44 - [MESSAGE][PASSED] - Browser is opened with url: ''

10-07-2024T09:41:44 - [TEST_STEP][PASSED] - navigateToUrl("https://opensource-demo.orangehrmlive.com/web/index.php/auth/login"): Navigate to 'https://opensource-demo.orangehrmlive.com/web/index.php/auth/login' successfully

10-07-2024T09:41:49 - [MESSAGE][PASSED] - Navigate to 'https://opensource-demo.orangehrmlive.com/web/index.php/auth/login' successfully

10-07-2024T09:41:49 - [TEST_STEP][PASSED] - switchToWindowTitle("OrangeHRM"): Switched to window with title: 'OrangeHRM'

10-07-2024T09:41:49 - [MESSAGE][PASSED] - Switched to window with title: 'OrangeHRM'

10-07-2024T09:41:49 - [TEST_STEP][PASSED] - maximizeWindow(): Current window maximized

10-07-2024T09:41:49 - [MESSAGE][PASSED] - Current window maximized

10-07-2024T09:41:49 - [TEST_STEP][PASSED] - setText(findTestObject("Object Repository/Page_OrangeHRM/input_Username_username"), "Admin"): Text 'Admin' is set on object 'Object Repository/Page_OrangeHRM/input_Username_username'

10-07-2024T09:41:50 - [MESSAGE][PASSED] - Text 'Admin' is set on object 'Object Repository/Page_OrangeHRM/input_Username_username'

10-07-2024T09:41:50 - [TEST_STEP][PASSED] - setEncryptedText(findTestObject("Object Repository/Page_OrangeHRM/input_Password_password"), "RAIVpflpDOg="): Text ****** has been set on object 'Object Repository/Page_OrangeHRM/input_Password_password'

10-07-2024T09:41:50 - [MESSAGE][PASSED] - Text ****** has been set on object 'Object Repository/Page_OrangeHRM/input_Password_password'

10-07-2024T09:41:50 - [TEST_STEP][PASSED] - verifyElementPresent(findTestObject("Page_OrangeHRM/div_Invalid credentials"), 0): Object 'Object Repository/Page_OrangeHRM/div_Invalid credentials' is present

10-07-2024T09:41:50 - [MESSAGE][WARNING] - Timeout '0' is invalid. Using default page load timeout: '30'

10-07-2024T09:41:51 - [MESSAGE][PASSED] - Object 'Object Repository/Page_OrangeHRM/div_Invalid credentials' is present

10-07-2024T09:41:51 - [TEST_STEP][PASSED] - closeBrowser(): Browser is closed

10-07-2024T09:41:51 - [MESSAGE][PASSED] - Browser is closed]]></system-out>
         <system-err><![CDATA[]]></system-err>
      </testcase>
      <testcase name="Test Cases/Login/LoginSukses" time="9.887" classname="Test Cases/Login/LoginSukses" status="PASSED">
         <system-out><![CDATA[10-07-2024T09:41:51 - [TEST_CASE][PASSED] - Test Cases/Login/LoginSukses: Test Cases/Login/LoginSukses

10-07-2024T09:41:51 - [TEST_STEP][PASSED] - openBrowser(""): Browser is opened with url: ''

10-07-2024T09:41:51 - [MESSAGE][INFO] - Starting 'Chrome' driver

10-07-2024T09:41:51 - [MESSAGE][INFO] - Action delay is set to 0 milliseconds

10-07-2024T09:41:51 - [MESSAGE][PASSED] - Browser is opened with url: ''

10-07-2024T09:41:51 - [TEST_STEP][PASSED] - navigateToUrl("https://opensource-demo.orangehrmlive.com/web/index.php/auth/login"): Navigate to 'https://opensource-demo.orangehrmlive.com/web/index.php/auth/login' successfully

10-07-2024T09:41:56 - [MESSAGE][PASSED] - Navigate to 'https://opensource-demo.orangehrmlive.com/web/index.php/auth/login' successfully

10-07-2024T09:41:56 - [TEST_STEP][PASSED] - switchToWindowTitle("OrangeHRM"): Switched to window with title: 'OrangeHRM'

10-07-2024T09:41:56 - [MESSAGE][PASSED] - Switched to window with title: 'OrangeHRM'

10-07-2024T09:41:56 - [TEST_STEP][PASSED] - maximizeWindow(): Current window maximized

10-07-2024T09:41:56 - [MESSAGE][PASSED] - Current window maximized

10-07-2024T09:41:56 - [TEST_STEP][PASSED] - setText(findTestObject("Object Repository/Page_OrangeHRM/input_Username_username"), "Admin"): Text 'Admin' is set on object 'Object Repository/Page_OrangeHRM/input_Username_username'

10-07-2024T09:41:57 - [MESSAGE][PASSED] - Text 'Admin' is set on object 'Object Repository/Page_OrangeHRM/input_Username_username'

10-07-2024T09:41:57 - [TEST_STEP][PASSED] - setEncryptedText(findTestObject("Object Repository/Page_OrangeHRM/input_Password_password"), "hUKwJTbofgPU9eVlw/CnDQ=="): Text ****** has been set on object 'Object Repository/Page_OrangeHRM/input_Password_password'

10-07-2024T09:41:57 - [MESSAGE][PASSED] - Text ****** has been set on object 'Object Repository/Page_OrangeHRM/input_Password_password'

10-07-2024T09:41:57 - [TEST_STEP][PASSED] - click(findTestObject("Object Repository/Page_OrangeHRM/button_Login")): Object: 'Object Repository/Page_OrangeHRM/button_Login' is clicked on

10-07-2024T09:41:57 - [MESSAGE][PASSED] - Object: 'Object Repository/Page_OrangeHRM/button_Login' is clicked on

10-07-2024T09:41:57 - [TEST_STEP][PASSED] - verifyElementText(findTestObject("Object Repository/Page_OrangeHRM/h6_Dashboard"), "Dashboard"): Actual text and expected text of test object 'Object Repository/Page_OrangeHRM/h6_Dashboard' are matched.

10-07-2024T09:42:00 - [MESSAGE][PASSED] - Actual text and expected text of test object 'Object Repository/Page_OrangeHRM/h6_Dashboard' are matched.

10-07-2024T09:42:00 - [TEST_STEP][PASSED] - closeBrowser(): Browser is closed

10-07-2024T09:42:01 - [MESSAGE][PASSED] - Browser is closed]]></system-out>
         <system-err><![CDATA[]]></system-err>
      </testcase>
      <system-out><![CDATA[10-07-2024T09:41:43 - [TEST_SUITE][PASSED] - Login: Test Cases/Login/LoginSukses]]></system-out>
      <system-err><![CDATA[]]></system-err>
   </testsuite>
</testsuites>
